<?xml version="1.0" encoding="UTF-8"?>
<testsuite xmlns:xsi="http://www.w3.org/2001/XMLSchema-instance" xsi:noNamespaceSchemaLocation="https://maven.apache.org/surefire/maven-surefire-plugin/xsd/surefire-test-report-3.0.xsd" version="3.0" name="com.omrbranch.runner.TestRunnerClass" time="40.469" tests="5" errors="0" skipped="0" failures="0">
  <properties>
[...]
</properties>
  <testcase name="User is on the omrbranch page" classname="Login with valid credentials" time="33.09">
    <system-out><![CDATA[
Scenario: Login with valid credentials                        # src/test/resources/features/login.feature:9
]]></system-out>
    <system-err><![CDATA[Apr 21, 2026 1:03:20 PM org.openqa.selenium.devtools.CdpVersionFinder findNearestMatch
WARNING: Unable to find an exact match for CDP version 147, returning the closest version; found: 145; Please update to a Selenium version that supports CDP version 147
]]></system-err>
  </testcase>
  <testcase name="User enters &quot;premkaanth2000@gmail.com&quot; and &quot;Prem@1234&quot;" classname="Login with valid credentials" time="0.4">
    <system-out><![CDATA[  Given User is on the omrbranch page                         # com.omrbranch.stepdefinition.LoginStep.user_is_on_the_omrbranch_page()
]]></system-out>
  </testcase>
  <testcase name="User clicks the login button" classname="Login with valid credentials" time="0.208">
    <system-out><![CDATA[  When User enters "premkaanth2000@gmail.com" and "Prem@1234" # com.omrbranch.stepdefinition.LoginStep.user_enters_and(java.lang.String,java.lang.String)
]]></system-out>
  </testcase>
  <testcase name="User should verify Success message after login" classname="Login with valid credentials" time="0.749">
    <system-out><![CDATA[  And User clicks the login button                            # com.omrbranch.stepdefinition.LoginStep.user_clicks_the_login_button()
]]></system-out>
  </testcase>
  <testcase name="" classname="Login with valid credentials" time="0.757">
    <system-out><![CDATA[  Then User should verify Success message after login         # com.omrbranch.stepdefinition.LoginStep.user_should_verify_success_message_after_login()
]]></system-out>
  </testcase>
</testsuite>